d:\comp4411_project3\release\vc142.pdb
d:\comp4411_project3\release\trimesh.obj
d:\comp4411_project3\release\square.obj
d:\comp4411_project3\release\sphere.obj
d:\comp4411_project3\release\cylinder.obj
d:\comp4411_project3\release\cone.obj
d:\comp4411_project3\release\box.obj
d:\comp4411_project3\release\scene.obj
d:\comp4411_project3\release\ray.obj
d:\comp4411_project3\release\material.obj
d:\comp4411_project3\release\light.obj
d:\comp4411_project3\release\camera.obj
d:\comp4411_project3\release\vecmath.obj
d:\comp4411_project3\release\read.obj
d:\comp4411_project3\release\parse.obj
d:\comp4411_project3\release\bitmap.obj
d:\comp4411_project3\release\traceui.obj
d:\comp4411_project3\release\traceglwindow.obj
d:\comp4411_project3\release\raytracer.obj
d:\comp4411_project3\release\main.obj
d:\comp4411_project3\release\getopt.obj
d:\comp4411_project3\release\ray.exe
d:\comp4411_project3\release\ray.map
d:\comp4411_project3\release\ray.pdb
d:\comp4411_project3\release\ray.tlog\cl.command.1.tlog
d:\comp4411_project3\release\ray.tlog\cl.read.1.tlog
d:\comp4411_project3\release\ray.tlog\cl.write.1.tlog
d:\comp4411_project3\release\ray.tlog\link.command.1.tlog
d:\comp4411_project3\release\ray.tlog\link.read.1.tlog
d:\comp4411_project3\release\ray.tlog\link.write.1.tlog
